<?xml version="1.0" encoding="UTF-8"?>
<testsuite xmlns:xsi="http://www.w3.org/2001/XMLSchema-instance" xsi:noNamespaceSchemaLocation="https://maven.apache.org/surefire/maven-surefire-plugin/xsd/surefire-test-report.xsd" version="3.0.2" name="edu.eci.dosw.tdd.skyrescue.center.RescueCenterTest" time="0.029" tests="10" errors="3" skipped="0" failures="7">
  <properties>
[...]
</properties>
  <testcase name="ShouldCreateAnErrorMissionDontExist" classname="edu.eci.dosw.tdd.skyrescue.center.RescueCenterTest" time="0.009">
    <failure message="Debe lanzar IllegalArgumentException al intentar cerrar una misión que  no existe ==&gt; Expected java.lang.IllegalArgumentException to be thrown, but nothing was thrown." type="org.opentest4j.AssertionFailedError"><![CDATA[org.opentest4j.AssertionFailedError: Debe lanzar IllegalArgumentException al intentar cerrar una misión que  no existe ==> Expected java.lang.IllegalArgumentException to be thrown, but nothing was thrown.
	at org.junit.jupiter.api.AssertionFailureBuilder.build(AssertionFailureBuilder.java:152)
	at org.junit.jupiter.api.AssertThrows.assertThrows(AssertThrows.java:73)
	at org.junit.jupiter.api.AssertThrows.assertThrows(AssertThrows.java:39)
	at org.junit.jupiter.api.Assertions.assertThrows(Assertions.java:3153)
	at edu.eci.dosw.tdd.skyrescue.center.RescueCenterTest.ShouldCreateAnErrorMissionDontExist(RescueCenterTest.java:116)
	at java.base/java.lang.reflect.Method.invoke(Method.java:565)
	at java.base/java.util.ArrayList.forEach(ArrayList.java:1612)
	at java.base/java.util.ArrayList.forEach(ArrayList.java:1612)
]]></failure>
  </testcase>
  <testcase name="ShouldThrowAnErrorDistanceExceedsMaxRange" classname="edu.eci.dosw.tdd.skyrescue.center.RescueCenterTest" time="0.002">
    <failure message="Expected java.lang.IllegalArgumentException to be thrown, but nothing was thrown." type="org.opentest4j.AssertionFailedError"><![CDATA[org.opentest4j.AssertionFailedError: Expected java.lang.IllegalArgumentException to be thrown, but nothing was thrown.
	at org.junit.jupiter.api.AssertionFailureBuilder.build(AssertionFailureBuilder.java:152)
	at org.junit.jupiter.api.AssertThrows.assertThrows(AssertThrows.java:73)
	at org.junit.jupiter.api.AssertThrows.assertThrows(AssertThrows.java:35)
	at org.junit.jupiter.api.Assertions.assertThrows(Assertions.java:3128)
	at edu.eci.dosw.tdd.skyrescue.center.RescueCenterTest.ShouldThrowAnErrorDistanceExceedsMaxRange(RescueCenterTest.java:72)
	at java.base/java.lang.reflect.Method.invoke(Method.java:565)
	at java.base/java.util.ArrayList.forEach(ArrayList.java:1612)
	at java.base/java.util.ArrayList.forEach(ArrayList.java:1612)
]]></failure>
  </testcase>
  <testcase name="ShouldCreateAnErrorOperatorDontExist" classname="edu.eci.dosw.tdd.skyrescue.center.RescueCenterTest" time="0.001">
    <failure message="Expected java.lang.IllegalArgumentException to be thrown, but nothing was thrown." type="org.opentest4j.AssertionFailedError"><![CDATA[org.opentest4j.AssertionFailedError: Expected java.lang.IllegalArgumentException to be thrown, but nothing was thrown.
	at org.junit.jupiter.api.AssertionFailureBuilder.build(AssertionFailureBuilder.java:152)
	at org.junit.jupiter.api.AssertThrows.assertThrows(AssertThrows.java:73)
	at org.junit.jupiter.api.AssertThrows.assertThrows(AssertThrows.java:35)
	at org.junit.jupiter.api.Assertions.assertThrows(Assertions.java:3128)
	at edu.eci.dosw.tdd.skyrescue.center.RescueCenterTest.ShouldCreateAnErrorOperatorDontExist(RescueCenterTest.java:82)
	at java.base/java.lang.reflect.Method.invoke(Method.java:565)
	at java.base/java.util.ArrayList.forEach(ArrayList.java:1612)
	at java.base/java.util.ArrayList.forEach(ArrayList.java:1612)
]]></failure>
  </testcase>
  <testcase name="ShouldCreateAnErrorCloseTwoTimesMission" classname="edu.eci.dosw.tdd.skyrescue.center.RescueCenterTest" time="0.001">
    <error message="Cannot invoke &quot;edu.eci.dosw.tdd.skyrescue.mission.Mission.getId()&quot; because &quot;activeMission&quot; is null" type="java.lang.NullPointerException"><![CDATA[java.lang.NullPointerException: Cannot invoke "edu.eci.dosw.tdd.skyrescue.mission.Mission.getId()" because "activeMission" is null
	at edu.eci.dosw.tdd.skyrescue.center.RescueCenterTest.ShouldCreateAnErrorCloseTwoTimesMission(RescueCenterTest.java:126)
	at java.base/java.lang.reflect.Method.invoke(Method.java:565)
	at java.base/java.util.ArrayList.forEach(ArrayList.java:1612)
	at java.base/java.util.ArrayList.forEach(ArrayList.java:1612)
]]></error>
  </testcase>
  <testcase name="CloseAnActiveMission" classname="edu.eci.dosw.tdd.skyrescue.center.RescueCenterTest" time="0.001">
    <error message="Cannot invoke &quot;edu.eci.dosw.tdd.skyrescue.mission.Mission.getId()&quot; because &quot;activeMission&quot; is null" type="java.lang.NullPointerException"><![CDATA[java.lang.NullPointerException: Cannot invoke "edu.eci.dosw.tdd.skyrescue.mission.Mission.getId()" because "activeMission" is null
	at edu.eci.dosw.tdd.skyrescue.center.RescueCenterTest.CloseAnActiveMission(RescueCenterTest.java:109)
	at java.base/java.lang.reflect.Method.invoke(Method.java:565)
	at java.base/java.util.ArrayList.forEach(ArrayList.java:1612)
	at java.base/java.util.ArrayList.forEach(ArrayList.java:1612)
]]></error>
  </testcase>
  <testcase name="ShouldThrowAnErrorOperatorAlreadyHasAnActiveMission" classname="edu.eci.dosw.tdd.skyrescue.center.RescueCenterTest" time="0.001">
    <failure message="Expected java.lang.IllegalStateException to be thrown, but nothing was thrown." type="org.opentest4j.AssertionFailedError"><![CDATA[org.opentest4j.AssertionFailedError: Expected java.lang.IllegalStateException to be thrown, but nothing was thrown.
	at org.junit.jupiter.api.AssertionFailureBuilder.build(AssertionFailureBuilder.java:152)
	at org.junit.jupiter.api.AssertThrows.assertThrows(AssertThrows.java:73)
	at org.junit.jupiter.api.AssertThrows.assertThrows(AssertThrows.java:35)
	at org.junit.jupiter.api.Assertions.assertThrows(Assertions.java:3128)
	at edu.eci.dosw.tdd.skyrescue.center.RescueCenterTest.ShouldThrowAnErrorOperatorAlreadyHasAnActiveMission(RescueCenterTest.java:98)
	at java.base/java.lang.reflect.Method.invoke(Method.java:565)
	at java.base/java.util.ArrayList.forEach(ArrayList.java:1612)
	at java.base/java.util.ArrayList.forEach(ArrayList.java:1612)
]]></failure>
  </testcase>
  <testcase name="ShouldCreateMissionCorrectInput" classname="edu.eci.dosw.tdd.skyrescue.center.RescueCenterTest" time="0.002">
    <failure message="La misión debería ser creada ==&gt; expected: not &lt;null&gt;" type="org.opentest4j.AssertionFailedError"><![CDATA[org.opentest4j.AssertionFailedError: La misión debería ser creada ==> expected: not <null>
	at org.junit.jupiter.api.AssertionFailureBuilder.build(AssertionFailureBuilder.java:152)
	at org.junit.jupiter.api.AssertionFailureBuilder.buildAndThrow(AssertionFailureBuilder.java:132)
	at org.junit.jupiter.api.AssertNotNull.failNull(AssertNotNull.java:49)
	at org.junit.jupiter.api.AssertNotNull.assertNotNull(AssertNotNull.java:35)
	at org.junit.jupiter.api.Assertions.assertNotNull(Assertions.java:312)
	at edu.eci.dosw.tdd.skyrescue.center.RescueCenterTest.ShouldCreateMissionCorrectInput(RescueCenterTest.java:40)
	at java.base/java.lang.reflect.Method.invoke(Method.java:565)
	at java.base/java.util.ArrayList.forEach(ArrayList.java:1612)
	at java.base/java.util.ArrayList.forEach(ArrayList.java:1612)
]]></failure>
  </testcase>
  <testcase name="ShouldUseADroneItHaveBusiness" classname="edu.eci.dosw.tdd.skyrescue.center.RescueCenterTest" time="0.001">
    <failure message="Expected java.lang.IllegalStateException to be thrown, but nothing was thrown." type="org.opentest4j.AssertionFailedError"><![CDATA[org.opentest4j.AssertionFailedError: Expected java.lang.IllegalStateException to be thrown, but nothing was thrown.
	at org.junit.jupiter.api.AssertionFailureBuilder.build(AssertionFailureBuilder.java:152)
	at org.junit.jupiter.api.AssertThrows.assertThrows(AssertThrows.java:73)
	at org.junit.jupiter.api.AssertThrows.assertThrows(AssertThrows.java:35)
	at org.junit.jupiter.api.Assertions.assertThrows(Assertions.java:3128)
	at edu.eci.dosw.tdd.skyrescue.center.RescueCenterTest.ShouldUseADroneItHaveBusiness(RescueCenterTest.java:61)
	at java.base/java.lang.reflect.Method.invoke(Method.java:565)
	at java.base/java.util.ArrayList.forEach(ArrayList.java:1612)
	at java.base/java.util.ArrayList.forEach(ArrayList.java:1612)
]]></failure>
  </testcase>
  <testcase name="ShouldCreateAnotherMission" classname="edu.eci.dosw.tdd.skyrescue.center.RescueCenterTest" time="0.002">
    <error message="Cannot invoke &quot;edu.eci.dosw.tdd.skyrescue.mission.Mission.getId()&quot; because &quot;mission1&quot; is null" type="java.lang.NullPointerException"><![CDATA[java.lang.NullPointerException: Cannot invoke "edu.eci.dosw.tdd.skyrescue.mission.Mission.getId()" because "mission1" is null
	at edu.eci.dosw.tdd.skyrescue.center.RescueCenterTest.ShouldCreateAnotherMission(RescueCenterTest.java:141)
	at java.base/java.lang.reflect.Method.invoke(Method.java:565)
	at java.base/java.util.ArrayList.forEach(ArrayList.java:1612)
	at java.base/java.util.ArrayList.forEach(ArrayList.java:1612)
]]></error>
  </testcase>
  <testcase name="ShouldCreateAnErrorDroneDontExist" classname="edu.eci.dosw.tdd.skyrescue.center.RescueCenterTest" time="0.001">
    <failure message="Expected java.lang.IllegalArgumentException to be thrown, but nothing was thrown." type="org.opentest4j.AssertionFailedError"><![CDATA[org.opentest4j.AssertionFailedError: Expected java.lang.IllegalArgumentException to be thrown, but nothing was thrown.
	at org.junit.jupiter.api.AssertionFailureBuilder.build(AssertionFailureBuilder.java:152)
	at org.junit.jupiter.api.AssertThrows.assertThrows(AssertThrows.java:73)
	at org.junit.jupiter.api.AssertThrows.assertThrows(AssertThrows.java:35)
	at org.junit.jupiter.api.Assertions.assertThrows(Assertions.java:3128)
	at edu.eci.dosw.tdd.skyrescue.center.RescueCenterTest.ShouldCreateAnErrorDroneDontExist(RescueCenterTest.java:49)
	at java.base/java.lang.reflect.Method.invoke(Method.java:565)
	at java.base/java.util.ArrayList.forEach(ArrayList.java:1612)
	at java.base/java.util.ArrayList.forEach(ArrayList.java:1612)
]]></failure>
  </testcase>
</testsuite>