<?xml version="1.0" encoding="UTF-8"?>
<testsuite xmlns:xsi="http://www.w3.org/2001/XMLSchema-instance" xsi:noNamespaceSchemaLocation="https://maven.apache.org/surefire/maven-surefire-plugin/xsd/surefire-test-report.xsd" version="3.0.2" name="edu.eci.dosw.tdd.skyrescue.center.RescueCenterTest" time="0.027" tests="10" errors="0" skipped="0" failures="0">
  <properties>
[...]
</properties>
  <testcase name="ShouldCreateAnErrorMissionDontExist" classname="edu.eci.dosw.tdd.skyrescue.center.RescueCenterTest" time="0.004"/>
  <testcase name="ShouldThrowAnErrorDistanceExceedsMaxRange" classname="edu.eci.dosw.tdd.skyrescue.center.RescueCenterTest" time="0.001"/>
  <testcase name="ShouldCreateAnErrorOperatorDontExist" classname="edu.eci.dosw.tdd.skyrescue.center.RescueCenterTest" time="0.002"/>
  <testcase name="ShouldCreateAnErrorCloseTwoTimesMission" classname="edu.eci.dosw.tdd.skyrescue.center.RescueCenterTest" time="0.006"/>
  <testcase name="CloseAnActiveMission" classname="edu.eci.dosw.tdd.skyrescue.center.RescueCenterTest" time="0.002"/>
  <testcase name="ShouldThrowAnErrorOperatorAlreadyHasAnActiveMission" classname="edu.eci.dosw.tdd.skyrescue.center.RescueCenterTest" time="0.001"/>
  <testcase name="ShouldCreateMissionCorrectInput" classname="edu.eci.dosw.tdd.skyrescue.center.RescueCenterTest" time="0.002"/>
  <testcase name="ShouldUseADroneItHaveBusiness" classname="edu.eci.dosw.tdd.skyrescue.center.RescueCenterTest" time="0.001"/>
  <testcase name="ShouldCreateAnotherMission" classname="edu.eci.dosw.tdd.skyrescue.center.RescueCenterTest" time="0.0"/>
  <testcase name="ShouldCreateAnErrorDroneDontExist" classname="edu.eci.dosw.tdd.skyrescue.center.RescueCenterTest" time="0.001"/>
</testsuite>